[debug] [2025-05-18T18:12:52.518Z] ----------------------------------------------------------------------
[debug] [2025-05-18T18:12:52.521Z] Command:       C:\Program Files\nodejs\node.exe C:\Users\Gabriel\AppData\Roaming\npm\node_modules\firebase-tools\lib\bin\firebase.js init
[debug] [2025-05-18T18:12:52.522Z] CLI Version:   14.4.0
[debug] [2025-05-18T18:12:52.522Z] Platform:      win32
[debug] [2025-05-18T18:12:52.522Z] Node Version:  v22.15.1
[debug] [2025-05-18T18:12:52.523Z] Time:          Sun May 18 2025 15:12:52 GMT-0300 (Horário Padrão de Brasília)
[debug] [2025-05-18T18:12:52.523Z] ----------------------------------------------------------------------
[debug] 
[debug] [2025-05-18T18:12:52.527Z] > command requires scopes: ["email","openid","https://www.googleapis.com/auth/cloudplatformprojects.readonly","https://www.googleapis.com/auth/firebase","https://www.googleapis.com/auth/cloud-platform"]
[debug] [2025-05-18T18:12:52.528Z] > authorizing via signed-in user (gabriedonascimento.2005@gmail.com)
[info] 
     ######## #### ########  ######## ########     ###     ######  ########
     ##        ##  ##     ## ##       ##     ##  ##   ##  ##       ##
     ######    ##  ########  ######   ########  #########  ######  ######
     ##        ##  ##    ##  ##       ##     ## ##     ##       ## ##
     ##       #### ##     ## ######## ########  ##     ##  ######  ########

You're about to initialize a Firebase project in this directory:

  C:\Users\Gabriel\Downloads\PD

[debug] [2025-05-18T18:18:25.979Z] ExitPromptError: User force closed the prompt with SIGINT
    at Interface.sigint (C:\Users\Gabriel\AppData\Roaming\npm\node_modules\firebase-tools\node_modules\@inquirer\core\dist\commonjs\lib\create-prompt.js:100:37)
    at Interface.emit (node:events:518:28)
    at Interface.emit (node:domain:489:12)
    at [_ttyWrite] [as _ttyWrite] (node:internal/readline/interface:1128:18)
    at ReadStream.onkeypress (node:internal/readline/interface:267:20)
    at ReadStream.emit (node:events:530:35)
    at ReadStream.emit (node:domain:489:12)
    at emitKeys (node:internal/readline/utils:370:14)
    at emitKeys.next (<anonymous>)
    at ReadStream.onData (node:internal/readline/emitKeypressEvents:64:36)
[error] 
[error] Error: An unexpected error has occurred.
